SF:lib\modules\auth\application\login.dart
DA:11,1
DA:13,1
DA:17,1
DA:18,1
DA:19,1
DA:21,2
LF:6
LH:6
end_of_record
SF:lib\modules\auth\domain\entities\credential.dart
DA:9,5
DA:14,10
DA:15,3
DA:17,10
DA:18,3
DA:22,5
DA:23,5
DA:24,5
DA:25,5
DA:28,5
DA:29,20
LF:11
LH:11
end_of_record
SF:lib\modules\auth\domain\entities\user.dart
DA:6,10
LF:1
LH:1
end_of_record
SF:lib\modules\auth\application\sign_up.dart
DA:11,1
DA:13,1
DA:17,2
DA:18,1
DA:20,1
DA:21,1
DA:22,1
DA:24,2
LF:8
LH:8
end_of_record
SF:lib\modules\auth\infra\repositories\login_repository_http.dart
DA:15,1
DA:17,1
DA:18,1
DA:19,2
DA:20,1
DA:21,1
DA:26,1
DA:30,6
DA:31,2
DA:32,3
DA:33,2
DA:34,1
DA:35,1
DA:37,2
DA:38,2
DA:41,2
DA:42,1
DA:43,1
DA:44,1
DA:47,2
DA:50,2
LF:21
LH:21
end_of_record
SF:lib\modules\auth\infra\repositories\sign_up_repository_http.dart
DA:15,1
DA:17,1
DA:18,1
DA:19,1
DA:20,1
DA:21,3
DA:26,1
DA:30,1
DA:31,4
DA:32,2
DA:33,2
DA:34,2
DA:36,1
DA:40,2
DA:43,2
LF:15
LH:15
end_of_record
SF:lib\modules\post\application\delete_post.dart
DA:10,1
DA:12,1
DA:16,3
DA:17,1
DA:18,2
DA:19,1
DA:20,3
DA:21,2
DA:23,2
LF:9
LH:9
end_of_record
SF:lib\modules\post\domain\entities\post.dart
DA:13,7
DA:21,6
DA:22,14
DA:23,2
DA:27,7
DA:28,28
LF:6
LH:6
end_of_record
SF:lib\modules\post\application\get_news.dart
DA:10,1
DA:12,1
DA:13,3
DA:15,2
DA:16,1
DA:17,1
DA:18,0
DA:20,1
LF:8
LH:7
end_of_record
SF:lib\modules\post\application\get_posts.dart
DA:10,1
DA:12,1
DA:13,2
LF:3
LH:3
end_of_record
SF:lib\modules\post\application\get_post.dart
DA:10,1
DA:12,1
DA:13,2
LF:3
LH:3
end_of_record
SF:lib\modules\post\application\publish_post.dart
DA:11,1
DA:13,1
DA:19,1
DA:20,1
DA:22,1
DA:24,1
DA:25,1
DA:27,2
LF:8
LH:8
end_of_record
SF:lib\modules\post\application\update_post.dart
DA:11,1
DA:13,1
DA:18,1
DA:19,2
DA:22,3
DA:23,1
DA:24,2
DA:25,1
DA:26,3
DA:27,2
DA:29,1
DA:30,1
DA:31,1
DA:32,1
DA:33,1
DA:34,1
DA:35,1
DA:38,2
LF:18
LH:18
end_of_record
SF:lib\modules\post\infra\repositories\post_repository_http.dart
DA:14,1
DA:16,1
DA:17,1
DA:18,2
DA:19,2
DA:20,3
DA:21,2
DA:22,1
DA:23,2
DA:24,2
DA:28,1
DA:29,1
DA:30,1
DA:31,1
DA:32,1
DA:33,1
DA:34,1
DA:36,1
DA:37,1
DA:38,2
DA:44,1
DA:46,5
DA:47,2
DA:50,2
DA:53,2
DA:58,1
DA:60,4
DA:61,2
DA:62,2
DA:63,3
DA:64,1
DA:65,1
DA:67,2
DA:70,2
DA:75,1
DA:77,5
DA:78,2
DA:79,2
DA:80,1
DA:82,2
DA:85,2
DA:90,1
DA:92,4
DA:93,2
DA:94,1
DA:95,3
DA:96,1
DA:97,1
DA:99,2
DA:102,2
DA:107,1
DA:109,1
DA:110,4
DA:111,2
DA:112,2
DA:113,1
DA:114,2
DA:116,2
DA:119,2
DA:124,1
DA:126,6
DA:127,2
DA:128,2
DA:129,1
DA:130,1
DA:131,2
DA:133,2
DA:136,2
LF:68
LH:68
end_of_record
SF:lib\modules\post\presenter\news\news_bloc.dart
DA:10,3
DA:11,2
DA:12,2
DA:13,3
DA:14,6
LF:5
LH:5
end_of_record
SF:lib\modules\post\presenter\news\news_state.dart
DA:9,1
DA:19,1
LF:2
LH:2
end_of_record
SF:lib\modules\auth\presenter\login\login_bloc.dart
DA:12,3
DA:13,2
DA:14,2
DA:15,2
DA:16,5
DA:17,2
DA:18,2
DA:19,1
DA:20,1
DA:21,0
DA:23,2
LF:11
LH:10
end_of_record
SF:lib\modules\auth\presenter\login\login_event.dart
DA:7,1
LF:1
LH:1
end_of_record
SF:lib\modules\auth\presenter\login\login_state.dart
DA:9,1
DA:19,1
LF:2
LH:2
end_of_record
SF:lib\modules\auth\presenter\sign_up\sign_up_bloc.dart
DA:12,3
DA:13,2
DA:14,2
DA:15,2
DA:17,6
DA:18,5
DA:19,1
DA:20,0
DA:22,1
LF:9
LH:8
end_of_record
SF:lib\modules\auth\presenter\sign_up\sign_up_event.dart
DA:8,1
LF:1
LH:1
end_of_record
SF:lib\modules\auth\presenter\sign_up\sign_up_state.dart
DA:9,1
DA:19,1
LF:2
LH:2
end_of_record
SF:lib\modules\post\presenter\posts\posts_bloc.dart
DA:20,1
DA:27,2
DA:28,2
DA:29,2
DA:30,3
DA:32,1
DA:33,5
DA:35,2
DA:36,2
DA:37,3
DA:38,1
DA:39,1
DA:40,1
DA:42,2
DA:43,2
DA:44,1
DA:45,2
DA:46,2
DA:49,2
DA:50,2
DA:51,2
DA:52,3
DA:53,1
DA:54,1
DA:56,2
DA:57,2
DA:58,1
DA:59,2
DA:60,2
DA:63,2
DA:64,2
DA:65,3
DA:66,1
DA:67,1
DA:69,2
DA:70,2
DA:71,1
DA:72,2
DA:73,2
LF:39
LH:39
end_of_record
SF:lib\modules\post\presenter\posts\posts_event.dart
DA:12,1
DA:23,1
DA:33,1
LF:3
LH:3
end_of_record
SF:lib\modules\post\presenter\posts\posts_state.dart
DA:11,1
DA:17,1
DA:23,1
DA:29,1
DA:45,1
LF:5
LH:5
end_of_record
